In file included from /usr/include/features.h:389:0,
                 from /usr/include/c++/5.1.1/x86_64-redhat-linux/32/bits/os_defines.h:39,
                 from /usr/include/c++/5.1.1/x86_64-redhat-linux/32/bits/c++config.h:482,
                 from /usr/include/c++/5.1.1/cstdlib:41,
                 from ../ext/bson.cc:4:
/usr/include/gnu/stubs.h:7:27: fatal error: gnu/stubs-32.h: No such file or directory
compilation terminated.
make: *** [Release/obj.target/bson/ext/bson.o] Error 1
gyp ERR! build error 
gyp ERR! stack Error: `make` failed with exit code: 2
gyp ERR! stack     at ChildProcess.onExit (/usr/lib/node_modules/node-gyp/lib/build.js:267:23)
gyp ERR! stack     at ChildProcess.emit (events.js:98:17)
gyp ERR! stack     at Process.ChildProcess._handle.onexit (child_process.js:820:12)
gyp ERR! System Linux 4.1.3-200.fc22.x86_64
gyp ERR! command "node" "/usr/lib/node_modules/npm/node_modules/node-gyp/bin/node-gyp.js" "rebuild"
gyp ERR! cwd /home/marcelo/Node/blog-react/node_modules/monk/node_modules/mongodb/node_modules/bson
gyp ERR! node -v v0.10.36
gyp ERR! node-gyp -v v0.10.6
gyp ERR! not ok 
